2021-08-31 16:31:56.156 INFO   [main] [o.s.c.a.AnnotationConfigApplicationContext] (590) prepareRefresh - Refreshing org.springframework.context.annotation.AnnotationConfigApplicationContext@79351f41: startup date [Tue Aug 31 16:31:56 CST 2021]; root of context hierarchy
2021-08-31 16:31:56.573 INFO   [main] [o.s.c.s.PostProcessorRegistrationDelegate$BeanPostProcessorChecker] (326) postProcessAfterInitialization - Bean 'configurationPropertiesRebinderAutoConfiguration' of type [org.springframework.cloud.autoconfigure.ConfigurationPropertiesRebinderAutoConfiguration$$EnhancerBySpringCGLIB$$85951b58] is not eligible for getting processed by all BeanPostProcessors (for example: not eligible for auto-proxying)
2021-08-31 16:31:57.020 INFO   [main] [c.a.n.c.c.i.LocalConfigInfoProcessor] (195) <clinit> - LOCAL_SNAPSHOT_PATH:/Users/zzx/nacos/config
2021-08-31 16:31:57.093 INFO   [main] [c.a.nacos.client.config.impl.Limiter] (53) <clinit> - limitTime:5.0
2021-08-31 16:31:57.579 INFO   [main] [o.s.c.b.c.PropertySourceBootstrapConfiguration] (98) initialize - Located property source: CompositePropertySource {name='NACOS', propertySources=[NacosPropertySource {name='null.properties,DEFAULT_GROUP'}]}
2021-08-31 16:31:57.662 INFO   [main] [c.a.c.s.d.DashboardApplication] (680) logStartupProfileInfo - No active profile set, falling back to default profiles: default
2021-08-31 16:31:57.678 INFO   [main] [o.s.b.w.s.c.AnnotationConfigServletWebServerApplicationContext] (590) prepareRefresh - Refreshing org.springframework.boot.web.servlet.context.AnnotationConfigServletWebServerApplicationContext@2aa27288: startup date [Tue Aug 31 16:31:57 CST 2021]; parent: org.springframework.context.annotation.AnnotationConfigApplicationContext@79351f41
2021-08-31 16:31:58.283 INFO   [main] [o.s.cloud.context.scope.GenericScope] (294) setSerializationId - BeanFactory id=a98c632c-9b08-3700-9d56-602c6fe0e62f
2021-08-31 16:31:58.347 INFO   [main] [o.s.c.s.PostProcessorRegistrationDelegate$BeanPostProcessorChecker] (326) postProcessAfterInitialization - Bean 'org.springframework.cloud.autoconfigure.ConfigurationPropertiesRebinderAutoConfiguration' of type [org.springframework.cloud.autoconfigure.ConfigurationPropertiesRebinderAutoConfiguration$$EnhancerBySpringCGLIB$$85951b58] is not eligible for getting processed by all BeanPostProcessors (for example: not eligible for auto-proxying)
2021-08-31 16:31:58.798 INFO   [main] [o.s.b.w.e.tomcat.TomcatWebServer] (91) initialize - Tomcat initialized with port(s): 8080 (http)
2021-08-31 16:31:58.817 INFO   [main] [o.a.coyote.http11.Http11NioProtocol] (180) log - Initializing ProtocolHandler ["http-nio-8080"]
2021-08-31 16:31:58.827 INFO   [main] [o.a.catalina.core.StandardService] (180) log - Starting service [Tomcat]
2021-08-31 16:31:58.828 INFO   [main] [o.a.catalina.core.StandardEngine] (180) log - Starting Servlet Engine: Apache Tomcat/8.5.34
2021-08-31 16:31:58.831 INFO   [localhost-startStop-1] [o.a.c.core.AprLifecycleListener] (180) log - The APR based Apache Tomcat Native library which allows optimal performance in production environments was not found on the java.library.path: [/Users/zzx/Library/Java/Extensions:/Library/Java/Extensions:/Network/Library/Java/Extensions:/System/Library/Java/Extensions:/usr/lib/java:.]
2021-08-31 16:31:58.918 INFO   [localhost-startStop-1] [o.a.c.c.C.[Tomcat].[localhost].[/]] (180) log - Initializing Spring embedded WebApplicationContext
2021-08-31 16:31:58.918 INFO   [localhost-startStop-1] [o.s.web.context.ContextLoader] (285) prepareWebApplicationContext - Root WebApplicationContext: initialization completed in 1240 ms
2021-08-31 16:31:58.987 INFO   [localhost-startStop-1] [c.a.c.s.dashboard.config.WebConfig] (86) sentinelFilterRegistration - Sentinel servlet CommonFilter registered
2021-08-31 16:31:59.059 INFO   [localhost-startStop-1] [o.s.b.w.s.FilterRegistrationBean] (245) configure - Mapping filter: 'characterEncodingFilter' to: [/*]
2021-08-31 16:31:59.059 INFO   [localhost-startStop-1] [o.s.b.w.s.FilterRegistrationBean] (245) configure - Mapping filter: 'hiddenHttpMethodFilter' to: [/*]
2021-08-31 16:31:59.060 INFO   [localhost-startStop-1] [o.s.b.w.s.FilterRegistrationBean] (245) configure - Mapping filter: 'httpPutFormContentFilter' to: [/*]
2021-08-31 16:31:59.060 INFO   [localhost-startStop-1] [o.s.b.w.s.FilterRegistrationBean] (245) configure - Mapping filter: 'requestContextFilter' to: [/*]
2021-08-31 16:31:59.060 INFO   [localhost-startStop-1] [o.s.b.w.s.FilterRegistrationBean] (258) configure - Mapping filter: 'authenticationFilter' to urls: [/*]
2021-08-31 16:31:59.060 INFO   [localhost-startStop-1] [o.s.b.w.s.FilterRegistrationBean] (258) configure - Mapping filter: 'sentinelFilter' to urls: [/*]
2021-08-31 16:31:59.060 INFO   [localhost-startStop-1] [o.s.b.w.s.ServletRegistrationBean] (187) addRegistration - Servlet dispatcherServlet mapped to [/]
2021-08-31 16:31:59.530 INFO   [main] [o.s.w.s.h.SimpleUrlHandlerMapping] (373) registerHandler - Mapped URL path [/**/favicon.ico] onto handler of type [class org.springframework.web.servlet.resource.ResourceHttpRequestHandler]
2021-08-31 16:31:59.772 INFO   [main] [o.s.w.s.m.m.a.RequestMappingHandlerAdapter] (588) initControllerAdviceCache - Looking for @ControllerAdvice: org.springframework.boot.web.servlet.context.AnnotationConfigServletWebServerApplicationContext@2aa27288: startup date [Tue Aug 31 16:31:57 CST 2021]; parent: org.springframework.context.annotation.AnnotationConfigApplicationContext@79351f41
2021-08-31 16:31:59.850 INFO   [main] [o.s.w.s.m.m.a.RequestMappingHandlerMapping] (549) register - Mapped "{[/app/names.json],methods=[GET]}" onto public com.alibaba.csp.sentinel.dashboard.domain.Result<java.util.List<java.lang.String>> com.alibaba.csp.sentinel.dashboard.controller.AppController.queryApps(javax.servlet.http.HttpServletRequest)
2021-08-31 16:31:59.852 INFO   [main] [o.s.w.s.m.m.a.RequestMappingHandlerMapping] (549) register - Mapped "{[/app/briefinfos.json],methods=[GET]}" onto public com.alibaba.csp.sentinel.dashboard.domain.Result<java.util.List<com.alibaba.csp.sentinel.dashboard.discovery.AppInfo>> com.alibaba.csp.sentinel.dashboard.controller.AppController.queryAppInfos(javax.servlet.http.HttpServletRequest)
2021-08-31 16:31:59.852 INFO   [main] [o.s.w.s.m.m.a.RequestMappingHandlerMapping] (549) register - Mapped "{[/app/{app}/machines.json],methods=[GET]}" onto public com.alibaba.csp.sentinel.dashboard.domain.Result<java.util.List<com.alibaba.csp.sentinel.dashboard.domain.vo.MachineInfoVo>> com.alibaba.csp.sentinel.dashboard.controller.AppController.getMachinesByApp(java.lang.String)
2021-08-31 16:31:59.853 INFO   [main] [o.s.w.s.m.m.a.RequestMappingHandlerMapping] (549) register - Mapped "{[/app/{app}/machine/remove.json]}" onto public com.alibaba.csp.sentinel.dashboard.domain.Result<java.lang.String> com.alibaba.csp.sentinel.dashboard.controller.AppController.removeMachineById(java.lang.String,java.lang.String,int)
2021-08-31 16:31:59.855 INFO   [main] [o.s.w.s.m.m.a.RequestMappingHandlerMapping] (549) register - Mapped "{[/auth/login],methods=[POST]}" onto public com.alibaba.csp.sentinel.dashboard.domain.Result<com.alibaba.csp.sentinel.dashboard.auth.AuthService$AuthUser> com.alibaba.csp.sentinel.dashboard.controller.AuthController.login(javax.servlet.http.HttpServletRequest,java.lang.String,java.lang.String)
2021-08-31 16:31:59.855 INFO   [main] [o.s.w.s.m.m.a.RequestMappingHandlerMapping] (549) register - Mapped "{[/auth/check],methods=[POST]}" onto public com.alibaba.csp.sentinel.dashboard.domain.Result<?> com.alibaba.csp.sentinel.dashboard.controller.AuthController.check(javax.servlet.http.HttpServletRequest)
2021-08-31 16:31:59.856 INFO   [main] [o.s.w.s.m.m.a.RequestMappingHandlerMapping] (549) register - Mapped "{[/auth/logout],methods=[POST]}" onto public com.alibaba.csp.sentinel.dashboard.domain.Result<?> com.alibaba.csp.sentinel.dashboard.controller.AuthController.logout(javax.servlet.http.HttpServletRequest)
2021-08-31 16:31:59.860 INFO   [main] [o.s.w.s.m.m.a.RequestMappingHandlerMapping] (549) register - Mapped "{[/authority/rules],methods=[GET]}" onto public com.alibaba.csp.sentinel.dashboard.domain.Result<java.util.List<com.alibaba.csp.sentinel.dashboard.datasource.entity.rule.AuthorityRuleEntity>> com.alibaba.csp.sentinel.dashboard.controller.AuthorityRuleController.apiQueryAllRulesForMachine(java.lang.String,java.lang.String,java.lang.Integer)
2021-08-31 16:31:59.860 INFO   [main] [o.s.w.s.m.m.a.RequestMappingHandlerMapping] (549) register - Mapped "{[/authority/rule],methods=[POST]}" onto public com.alibaba.csp.sentinel.dashboard.domain.Result<com.alibaba.csp.sentinel.dashboard.datasource.entity.rule.AuthorityRuleEntity> com.alibaba.csp.sentinel.dashboard.controller.AuthorityRuleController.apiAddAuthorityRule(com.alibaba.csp.sentinel.dashboard.datasource.entity.rule.AuthorityRuleEntity)
2021-08-31 16:31:59.861 INFO   [main] [o.s.w.s.m.m.a.RequestMappingHandlerMapping] (549) register - Mapped "{[/authority/rule/{id}],methods=[PUT]}" onto public com.alibaba.csp.sentinel.dashboard.domain.Result<com.alibaba.csp.sentinel.dashboard.datasource.entity.rule.AuthorityRuleEntity> com.alibaba.csp.sentinel.dashboard.controller.AuthorityRuleController.apiUpdateParamFlowRule(java.lang.Long,com.alibaba.csp.sentinel.dashboard.datasource.entity.rule.AuthorityRuleEntity)
2021-08-31 16:31:59.861 INFO   [main] [o.s.w.s.m.m.a.RequestMappingHandlerMapping] (549) register - Mapped "{[/authority/rule/{id}],methods=[DELETE]}" onto public com.alibaba.csp.sentinel.dashboard.domain.Result<java.lang.Long> com.alibaba.csp.sentinel.dashboard.controller.AuthorityRuleController.apiDeleteRule(java.lang.Long)
2021-08-31 16:31:59.864 INFO   [main] [o.s.w.s.m.m.a.RequestMappingHandlerMapping] (549) register - Mapped "{[/degrade/rule/{id}],methods=[DELETE]}" onto public com.alibaba.csp.sentinel.dashboard.domain.Result<java.lang.Long> com.alibaba.csp.sentinel.dashboard.controller.DegradeController.delete(java.lang.Long)
2021-08-31 16:31:59.864 INFO   [main] [o.s.w.s.m.m.a.RequestMappingHandlerMapping] (549) register - Mapped "{[/degrade/rules.json],methods=[GET]}" onto public com.alibaba.csp.sentinel.dashboard.domain.Result<java.util.List<com.alibaba.csp.sentinel.dashboard.datasource.entity.rule.DegradeRuleEntity>> com.alibaba.csp.sentinel.dashboard.controller.DegradeController.apiQueryMachineRules(java.lang.String,java.lang.String,java.lang.Integer)
2021-08-31 16:31:59.865 INFO   [main] [o.s.w.s.m.m.a.RequestMappingHandlerMapping] (549) register - Mapped "{[/degrade/rule],methods=[POST]}" onto public com.alibaba.csp.sentinel.dashboard.domain.Result<com.alibaba.csp.sentinel.dashboard.datasource.entity.rule.DegradeRuleEntity> com.alibaba.csp.sentinel.dashboard.controller.DegradeController.apiAddRule(com.alibaba.csp.sentinel.dashboard.datasource.entity.rule.DegradeRuleEntity)
2021-08-31 16:31:59.865 INFO   [main] [o.s.w.s.m.m.a.RequestMappingHandlerMapping] (549) register - Mapped "{[/degrade/rule/{id}],methods=[PUT]}" onto public com.alibaba.csp.sentinel.dashboard.domain.Result<com.alibaba.csp.sentinel.dashboard.datasource.entity.rule.DegradeRuleEntity> com.alibaba.csp.sentinel.dashboard.controller.DegradeController.apiUpdateRule(java.lang.Long,com.alibaba.csp.sentinel.dashboard.datasource.entity.rule.DegradeRuleEntity)
2021-08-31 16:31:59.866 INFO   [main] [o.s.w.s.m.m.a.RequestMappingHandlerMapping] (549) register - Mapped "{[/demo/link],produces=[application/json]}" onto public java.lang.String com.alibaba.csp.sentinel.dashboard.controller.DemoController.link() throws com.alibaba.csp.sentinel.slots.block.BlockException
2021-08-31 16:31:59.867 INFO   [main] [o.s.w.s.m.m.a.RequestMappingHandlerMapping] (549) register - Mapped "{[/demo/slow],produces=[application/json]}" onto public java.lang.String com.alibaba.csp.sentinel.dashboard.controller.DemoController.slow(java.lang.String,int) throws com.alibaba.csp.sentinel.slots.block.BlockException
2021-08-31 16:31:59.867 INFO   [main] [o.s.w.s.m.m.a.RequestMappingHandlerMapping] (549) register - Mapped "{[/demo/greeting],produces=[application/json]}" onto public java.lang.String com.alibaba.csp.sentinel.dashboard.controller.DemoController.greeting()
2021-08-31 16:31:59.867 INFO   [main] [o.s.w.s.m.m.a.RequestMappingHandlerMapping] (549) register - Mapped "{[/demo/loop],produces=[application/json]}" onto public java.lang.String com.alibaba.csp.sentinel.dashboard.controller.DemoController.loop(java.lang.String,int) throws com.alibaba.csp.sentinel.slots.block.BlockException
2021-08-31 16:31:59.868 INFO   [main] [o.s.w.s.m.m.a.RequestMappingHandlerMapping] (549) register - Mapped "{[/v1/flow/rules],methods=[GET]}" onto public com.alibaba.csp.sentinel.dashboard.domain.Result<java.util.List<com.alibaba.csp.sentinel.dashboard.datasource.entity.rule.FlowRuleEntity>> com.alibaba.csp.sentinel.dashboard.controller.FlowControllerV1.apiQueryMachineRules(java.lang.String,java.lang.String,java.lang.Integer)
2021-08-31 16:31:59.869 INFO   [main] [o.s.w.s.m.m.a.RequestMappingHandlerMapping] (549) register - Mapped "{[/v1/flow/rule],methods=[POST]}" onto public com.alibaba.csp.sentinel.dashboard.domain.Result<com.alibaba.csp.sentinel.dashboard.datasource.entity.rule.FlowRuleEntity> com.alibaba.csp.sentinel.dashboard.controller.FlowControllerV1.apiAddFlowRule(com.alibaba.csp.sentinel.dashboard.datasource.entity.rule.FlowRuleEntity)
2021-08-31 16:31:59.870 INFO   [main] [o.s.w.s.m.m.a.RequestMappingHandlerMapping] (549) register - Mapped "{[/v1/flow/save.json],methods=[PUT]}" onto public com.alibaba.csp.sentinel.dashboard.domain.Result<com.alibaba.csp.sentinel.dashboard.datasource.entity.rule.FlowRuleEntity> com.alibaba.csp.sentinel.dashboard.controller.FlowControllerV1.apiUpdateFlowRule(java.lang.Long,java.lang.String,java.lang.String,java.lang.String,java.lang.Integer,java.lang.Double,java.lang.Integer,java.lang.String,java.lang.Integer,java.lang.Integer,java.lang.Integer)
2021-08-31 16:31:59.870 INFO   [main] [o.s.w.s.m.m.a.RequestMappingHandlerMapping] (549) register - Mapped "{[/v1/flow/delete.json],methods=[DELETE]}" onto public com.alibaba.csp.sentinel.dashboard.domain.Result<java.lang.Long> com.alibaba.csp.sentinel.dashboard.controller.FlowControllerV1.apiDeleteFlowRule(java.lang.Long)
2021-08-31 16:31:59.871 INFO   [main] [o.s.w.s.m.m.a.RequestMappingHandlerMapping] (549) register - Mapped "{[/registry/machine],produces=[application/json]}" onto public com.alibaba.csp.sentinel.dashboard.domain.Result<?> com.alibaba.csp.sentinel.dashboard.controller.MachineRegistryController.receiveHeartBeat(java.lang.String,java.lang.Integer,java.lang.Long,java.lang.String,java.lang.String,java.lang.String,java.lang.Integer)
2021-08-31 16:31:59.871 INFO   [main] [o.s.w.s.m.m.a.RequestMappingHandlerMapping] (549) register - Mapped "{[/metric/queryTopResourceMetric.json],produces=[application/json]}" onto public com.alibaba.csp.sentinel.dashboard.domain.Result<?> com.alibaba.csp.sentinel.dashboard.controller.MetricController.queryTopResourceMetric(java.lang.String,java.lang.Integer,java.lang.Integer,java.lang.Boolean,java.lang.Long,java.lang.Long,java.lang.String)
2021-08-31 16:31:59.872 INFO   [main] [o.s.w.s.m.m.a.RequestMappingHandlerMapping] (549) register - Mapped "{[/metric/queryByAppAndResource.json],produces=[application/json]}" onto public com.alibaba.csp.sentinel.dashboard.domain.Result<?> com.alibaba.csp.sentinel.dashboard.controller.MetricController.queryByAppAndResource(java.lang.String,java.lang.String,java.lang.Long,java.lang.Long)
2021-08-31 16:31:59.873 INFO   [main] [o.s.w.s.m.m.a.RequestMappingHandlerMapping] (549) register - Mapped "{[/paramFlow/rules],methods=[GET]}" onto public com.alibaba.csp.sentinel.dashboard.domain.Result<java.util.List<com.alibaba.csp.sentinel.dashboard.datasource.entity.rule.ParamFlowRuleEntity>> com.alibaba.csp.sentinel.dashboard.controller.ParamFlowRuleController.apiQueryAllRulesForMachine(java.lang.String,java.lang.String,java.lang.Integer)
2021-08-31 16:31:59.874 INFO   [main] [o.s.w.s.m.m.a.RequestMappingHandlerMapping] (549) register - Mapped "{[/paramFlow/rule/{id}],methods=[PUT]}" onto public com.alibaba.csp.sentinel.dashboard.domain.Result<com.alibaba.csp.sentinel.dashboard.datasource.entity.rule.ParamFlowRuleEntity> com.alibaba.csp.sentinel.dashboard.controller.ParamFlowRuleController.apiUpdateParamFlowRule(java.lang.Long,com.alibaba.csp.sentinel.dashboard.datasource.entity.rule.ParamFlowRuleEntity)
2021-08-31 16:31:59.874 INFO   [main] [o.s.w.s.m.m.a.RequestMappingHandlerMapping] (549) register - Mapped "{[/paramFlow/rule/{id}],methods=[DELETE]}" onto public com.alibaba.csp.sentinel.dashboard.domain.Result<java.lang.Long> com.alibaba.csp.sentinel.dashboard.controller.ParamFlowRuleController.apiDeleteRule(java.lang.Long)
2021-08-31 16:31:59.875 INFO   [main] [o.s.w.s.m.m.a.RequestMappingHandlerMapping] (549) register - Mapped "{[/paramFlow/rule],methods=[POST]}" onto public com.alibaba.csp.sentinel.dashboard.domain.Result<com.alibaba.csp.sentinel.dashboard.datasource.entity.rule.ParamFlowRuleEntity> com.alibaba.csp.sentinel.dashboard.controller.ParamFlowRuleController.apiAddParamFlowRule(com.alibaba.csp.sentinel.dashboard.datasource.entity.rule.ParamFlowRuleEntity)
2021-08-31 16:31:59.876 INFO   [main] [o.s.w.s.m.m.a.RequestMappingHandlerMapping] (549) register - Mapped "{[/resource/machineResource.json],methods=[GET]}" onto public com.alibaba.csp.sentinel.dashboard.domain.Result<java.util.List<com.alibaba.csp.sentinel.dashboard.domain.vo.ResourceVo>> com.alibaba.csp.sentinel.dashboard.controller.ResourceController.fetchResourceChainListOfMachine(java.lang.String,java.lang.Integer,java.lang.String,java.lang.String)
2021-08-31 16:31:59.876 INFO   [main] [o.s.w.s.m.m.a.RequestMappingHandlerMapping] (549) register - Mapped "{[/system/delete.json]}" onto public com.alibaba.csp.sentinel.dashboard.domain.Result<?> com.alibaba.csp.sentinel.dashboard.controller.SystemController.delete(java.lang.Long)
2021-08-31 16:31:59.877 INFO   [main] [o.s.w.s.m.m.a.RequestMappingHandlerMapping] (549) register - Mapped "{[/system/rules.json],methods=[GET]}" onto public com.alibaba.csp.sentinel.dashboard.domain.Result<java.util.List<com.alibaba.csp.sentinel.dashboard.datasource.entity.rule.SystemRuleEntity>> com.alibaba.csp.sentinel.dashboard.controller.SystemController.apiQueryMachineRules(java.lang.String,java.lang.String,java.lang.Integer)
2021-08-31 16:31:59.877 INFO   [main] [o.s.w.s.m.m.a.RequestMappingHandlerMapping] (549) register - Mapped "{[/system/new.json]}" onto public com.alibaba.csp.sentinel.dashboard.domain.Result<com.alibaba.csp.sentinel.dashboard.datasource.entity.rule.SystemRuleEntity> com.alibaba.csp.sentinel.dashboard.controller.SystemController.apiAdd(java.lang.String,java.lang.String,java.lang.Integer,java.lang.Double,java.lang.Double,java.lang.Long,java.lang.Long,java.lang.Double)
2021-08-31 16:31:59.878 INFO   [main] [o.s.w.s.m.m.a.RequestMappingHandlerMapping] (549) register - Mapped "{[/system/save.json],methods=[GET]}" onto public com.alibaba.csp.sentinel.dashboard.domain.Result<com.alibaba.csp.sentinel.dashboard.datasource.entity.rule.SystemRuleEntity> com.alibaba.csp.sentinel.dashboard.controller.SystemController.apiUpdateIfNotNull(java.lang.Long,java.lang.String,java.lang.Double,java.lang.Double,java.lang.Long,java.lang.Long,java.lang.Double)
2021-08-31 16:31:59.878 INFO   [main] [o.s.w.s.m.m.a.RequestMappingHandlerMapping] (549) register - Mapped "{[/version],methods=[GET]}" onto public com.alibaba.csp.sentinel.dashboard.domain.Result<java.lang.String> com.alibaba.csp.sentinel.dashboard.controller.VersionController.apiGetVersion()
2021-08-31 16:31:59.879 INFO   [main] [o.s.w.s.m.m.a.RequestMappingHandlerMapping] (549) register - Mapped "{[/cluster/assign/all_server/{app}],methods=[POST]}" onto public com.alibaba.csp.sentinel.dashboard.domain.Result<com.alibaba.csp.sentinel.dashboard.domain.cluster.ClusterAppAssignResultVO> com.alibaba.csp.sentinel.dashboard.controller.cluster.ClusterAssignController.apiAssignAllClusterServersOfApp(java.lang.String,com.alibaba.csp.sentinel.dashboard.domain.cluster.ClusterAppFullAssignRequest)
2021-08-31 16:31:59.880 INFO   [main] [o.s.w.s.m.m.a.RequestMappingHandlerMapping] (549) register - Mapped "{[/cluster/assign/single_server/{app}],methods=[POST]}" onto public com.alibaba.csp.sentinel.dashboard.domain.Result<com.alibaba.csp.sentinel.dashboard.domain.cluster.ClusterAppAssignResultVO> com.alibaba.csp.sentinel.dashboard.controller.cluster.ClusterAssignController.apiAssignSingleClusterServersOfApp(java.lang.String,com.alibaba.csp.sentinel.dashboard.domain.cluster.ClusterAppSingleServerAssignRequest)
2021-08-31 16:31:59.880 INFO   [main] [o.s.w.s.m.m.a.RequestMappingHandlerMapping] (549) register - Mapped "{[/cluster/assign/unbind_server/{app}],methods=[POST]}" onto public com.alibaba.csp.sentinel.dashboard.domain.Result<com.alibaba.csp.sentinel.dashboard.domain.cluster.ClusterAppAssignResultVO> com.alibaba.csp.sentinel.dashboard.controller.cluster.ClusterAssignController.apiUnbindClusterServersOfApp(java.lang.String,java.util.Set<java.lang.String>)
2021-08-31 16:31:59.881 INFO   [main] [o.s.w.s.m.m.a.RequestMappingHandlerMapping] (549) register - Mapped "{[/cluster/config/modify_single],methods=[POST]}" onto public com.alibaba.csp.sentinel.dashboard.domain.Result<java.lang.Boolean> com.alibaba.csp.sentinel.dashboard.controller.cluster.ClusterConfigController.apiModifyClusterConfig(java.lang.String)
2021-08-31 16:31:59.882 INFO   [main] [o.s.w.s.m.m.a.RequestMappingHandlerMapping] (549) register - Mapped "{[/cluster/state_single],methods=[GET]}" onto public com.alibaba.csp.sentinel.dashboard.domain.Result<com.alibaba.csp.sentinel.dashboard.domain.cluster.state.ClusterUniversalStateVO> com.alibaba.csp.sentinel.dashboard.controller.cluster.ClusterConfigController.apiGetClusterState(java.lang.String,java.lang.String,java.lang.Integer)
2021-08-31 16:31:59.882 INFO   [main] [o.s.w.s.m.m.a.RequestMappingHandlerMapping] (549) register - Mapped "{[/cluster/server_state/{app}],methods=[GET]}" onto public com.alibaba.csp.sentinel.dashboard.domain.Result<java.util.List<com.alibaba.csp.sentinel.dashboard.domain.cluster.state.AppClusterServerStateWrapVO>> com.alibaba.csp.sentinel.dashboard.controller.cluster.ClusterConfigController.apiGetClusterServerStateOfApp(java.lang.String)
2021-08-31 16:31:59.883 INFO   [main] [o.s.w.s.m.m.a.RequestMappingHandlerMapping] (549) register - Mapped "{[/cluster/client_state/{app}],methods=[GET]}" onto public com.alibaba.csp.sentinel.dashboard.domain.Result<java.util.List<com.alibaba.csp.sentinel.dashboard.domain.cluster.state.AppClusterClientStateWrapVO>> com.alibaba.csp.sentinel.dashboard.controller.cluster.ClusterConfigController.apiGetClusterClientStateOfApp(java.lang.String)
2021-08-31 16:31:59.883 INFO   [main] [o.s.w.s.m.m.a.RequestMappingHandlerMapping] (549) register - Mapped "{[/cluster/state/{app}],methods=[GET]}" onto public com.alibaba.csp.sentinel.dashboard.domain.Result<java.util.List<com.alibaba.csp.sentinel.dashboard.domain.cluster.state.ClusterUniversalStatePairVO>> com.alibaba.csp.sentinel.dashboard.controller.cluster.ClusterConfigController.apiGetClusterStateOfApp(java.lang.String)
2021-08-31 16:31:59.886 INFO   [main] [o.s.w.s.m.m.a.RequestMappingHandlerMapping] (549) register - Mapped "{[/gateway/api/list.json],methods=[GET]}" onto public com.alibaba.csp.sentinel.dashboard.domain.Result<java.util.List<com.alibaba.csp.sentinel.dashboard.datasource.entity.gateway.ApiDefinitionEntity>> com.alibaba.csp.sentinel.dashboard.controller.gateway.GatewayApiController.queryApis(java.lang.String,java.lang.String,java.lang.Integer)
2021-08-31 16:31:59.887 INFO   [main] [o.s.w.s.m.m.a.RequestMappingHandlerMapping] (549) register - Mapped "{[/gateway/api/new.json],methods=[POST]}" onto public com.alibaba.csp.sentinel.dashboard.domain.Result<com.alibaba.csp.sentinel.dashboard.datasource.entity.gateway.ApiDefinitionEntity> com.alibaba.csp.sentinel.dashboard.controller.gateway.GatewayApiController.addApi(javax.servlet.http.HttpServletRequest,com.alibaba.csp.sentinel.dashboard.domain.vo.gateway.api.AddApiReqVo)
2021-08-31 16:31:59.887 INFO   [main] [o.s.w.s.m.m.a.RequestMappingHandlerMapping] (549) register - Mapped "{[/gateway/api/save.json],methods=[POST]}" onto public com.alibaba.csp.sentinel.dashboard.domain.Result<com.alibaba.csp.sentinel.dashboard.datasource.entity.gateway.ApiDefinitionEntity> com.alibaba.csp.sentinel.dashboard.controller.gateway.GatewayApiController.updateApi(com.alibaba.csp.sentinel.dashboard.domain.vo.gateway.api.UpdateApiReqVo)
2021-08-31 16:31:59.887 INFO   [main] [o.s.w.s.m.m.a.RequestMappingHandlerMapping] (549) register - Mapped "{[/gateway/api/delete.json],methods=[POST]}" onto public com.alibaba.csp.sentinel.dashboard.domain.Result<java.lang.Long> com.alibaba.csp.sentinel.dashboard.controller.gateway.GatewayApiController.deleteApi(java.lang.Long)
2021-08-31 16:31:59.891 INFO   [main] [o.s.w.s.m.m.a.RequestMappingHandlerMapping] (549) register - Mapped "{[/gateway/flow/list.json],methods=[GET]}" onto public com.alibaba.csp.sentinel.dashboard.domain.Result<java.util.List<com.alibaba.csp.sentinel.dashboard.datasource.entity.gateway.GatewayFlowRuleEntity>> com.alibaba.csp.sentinel.dashboard.controller.gateway.GatewayFlowRuleController.queryFlowRules(java.lang.String,java.lang.String,java.lang.Integer)
2021-08-31 16:31:59.891 INFO   [main] [o.s.w.s.m.m.a.RequestMappingHandlerMapping] (549) register - Mapped "{[/gateway/flow/new.json],methods=[POST]}" onto public com.alibaba.csp.sentinel.dashboard.domain.Result<com.alibaba.csp.sentinel.dashboard.datasource.entity.gateway.GatewayFlowRuleEntity> com.alibaba.csp.sentinel.dashboard.controller.gateway.GatewayFlowRuleController.addFlowRule(com.alibaba.csp.sentinel.dashboard.domain.vo.gateway.rule.AddFlowRuleReqVo)
2021-08-31 16:31:59.892 INFO   [main] [o.s.w.s.m.m.a.RequestMappingHandlerMapping] (549) register - Mapped "{[/gateway/flow/save.json],methods=[POST]}" onto public com.alibaba.csp.sentinel.dashboard.domain.Result<com.alibaba.csp.sentinel.dashboard.datasource.entity.gateway.GatewayFlowRuleEntity> com.alibaba.csp.sentinel.dashboard.controller.gateway.GatewayFlowRuleController.updateFlowRule(com.alibaba.csp.sentinel.dashboard.domain.vo.gateway.rule.UpdateFlowRuleReqVo)
2021-08-31 16:31:59.892 INFO   [main] [o.s.w.s.m.m.a.RequestMappingHandlerMapping] (549) register - Mapped "{[/gateway/flow/delete.json],methods=[POST]}" onto public com.alibaba.csp.sentinel.dashboard.domain.Result<java.lang.Long> com.alibaba.csp.sentinel.dashboard.controller.gateway.GatewayFlowRuleController.deleteFlowRule(java.lang.Long)
2021-08-31 16:31:59.893 INFO   [main] [o.s.w.s.m.m.a.RequestMappingHandlerMapping] (549) register - Mapped "{[/v2/flow/rule/{id}],methods=[DELETE]}" onto public com.alibaba.csp.sentinel.dashboard.domain.Result<java.lang.Long> com.alibaba.csp.sentinel.dashboard.controller.v2.FlowControllerV2.apiDeleteRule(java.lang.Long)
2021-08-31 16:31:59.894 INFO   [main] [o.s.w.s.m.m.a.RequestMappingHandlerMapping] (549) register - Mapped "{[/v2/flow/rules],methods=[GET]}" onto public com.alibaba.csp.sentinel.dashboard.domain.Result<java.util.List<com.alibaba.csp.sentinel.dashboard.datasource.entity.rule.FlowRuleEntity>> com.alibaba.csp.sentinel.dashboard.controller.v2.FlowControllerV2.apiQueryMachineRules(java.lang.String)
2021-08-31 16:31:59.894 INFO   [main] [o.s.w.s.m.m.a.RequestMappingHandlerMapping] (549) register - Mapped "{[/v2/flow/rule],methods=[POST]}" onto public com.alibaba.csp.sentinel.dashboard.domain.Result<com.alibaba.csp.sentinel.dashboard.datasource.entity.rule.FlowRuleEntity> com.alibaba.csp.sentinel.dashboard.controller.v2.FlowControllerV2.apiAddFlowRule(com.alibaba.csp.sentinel.dashboard.datasource.entity.rule.FlowRuleEntity)
2021-08-31 16:31:59.895 INFO   [main] [o.s.w.s.m.m.a.RequestMappingHandlerMapping] (549) register - Mapped "{[/v2/flow/rule/{id}],methods=[PUT]}" onto public com.alibaba.csp.sentinel.dashboard.domain.Result<com.alibaba.csp.sentinel.dashboard.datasource.entity.rule.FlowRuleEntity> com.alibaba.csp.sentinel.dashboard.controller.v2.FlowControllerV2.apiUpdateFlowRule(java.lang.Long,com.alibaba.csp.sentinel.dashboard.datasource.entity.rule.FlowRuleEntity)
2021-08-31 16:31:59.896 INFO   [main] [o.s.w.s.m.m.a.RequestMappingHandlerMapping] (549) register - Mapped "{[/error]}" onto public org.springframework.http.ResponseEntity<java.util.Map<java.lang.String, java.lang.Object>> org.springframework.boot.autoconfigure.web.servlet.error.BasicErrorController.error(javax.servlet.http.HttpServletRequest)
2021-08-31 16:31:59.897 INFO   [main] [o.s.w.s.m.m.a.RequestMappingHandlerMapping] (549) register - Mapped "{[/error],produces=[text/html]}" onto public org.springframework.web.servlet.ModelAndView org.springframework.boot.autoconfigure.web.servlet.error.BasicErrorController.errorHtml(javax.servlet.http.HttpServletRequest,javax.servlet.http.HttpServletResponse)
2021-08-31 16:31:59.907 INFO   [main] [o.s.w.s.h.SimpleUrlHandlerMapping] (360) registerHandler - Root mapping to handler of type [class org.springframework.web.servlet.mvc.ParameterizableViewController]
2021-08-31 16:31:59.971 INFO   [main] [o.s.w.s.h.SimpleUrlHandlerMapping] (373) registerHandler - Mapped URL path [/webjars/**] onto handler of type [class org.springframework.web.servlet.resource.ResourceHttpRequestHandler]
2021-08-31 16:31:59.971 INFO   [main] [o.s.w.s.h.SimpleUrlHandlerMapping] (373) registerHandler - Mapped URL path [/**] onto handler of type [class org.springframework.web.servlet.resource.ResourceHttpRequestHandler]
2021-08-31 16:32:00.252 INFO   [main] [o.s.j.e.a.AnnotationMBeanExporter] (433) afterSingletonsInstantiated - Registering beans for JMX exposure on startup
2021-08-31 16:32:00.262 INFO   [main] [o.s.j.e.a.AnnotationMBeanExporter] (895) autodetect - Bean with name 'refreshScope' has been autodetected for JMX exposure
2021-08-31 16:32:00.263 INFO   [main] [o.s.j.e.a.AnnotationMBeanExporter] (895) autodetect - Bean with name 'configurationPropertiesRebinder' has been autodetected for JMX exposure
2021-08-31 16:32:00.264 INFO   [main] [o.s.j.e.a.AnnotationMBeanExporter] (895) autodetect - Bean with name 'environmentManager' has been autodetected for JMX exposure
2021-08-31 16:32:00.266 INFO   [main] [o.s.j.e.a.AnnotationMBeanExporter] (675) registerBeanInstance - Located managed bean 'environmentManager': registering with JMX server as MBean [org.springframework.cloud.context.environment:name=environmentManager,type=EnvironmentManager]
2021-08-31 16:32:00.277 INFO   [main] [o.s.j.e.a.AnnotationMBeanExporter] (675) registerBeanInstance - Located managed bean 'refreshScope': registering with JMX server as MBean [org.springframework.cloud.context.scope.refresh:name=refreshScope,type=RefreshScope]
2021-08-31 16:32:00.286 INFO   [main] [o.s.j.e.a.AnnotationMBeanExporter] (675) registerBeanInstance - Located managed bean 'configurationPropertiesRebinder': registering with JMX server as MBean [org.springframework.cloud.context.properties:name=configurationPropertiesRebinder,context=2aa27288,type=ConfigurationPropertiesRebinder]
2021-08-31 16:32:00.303 INFO   [main] [o.a.coyote.http11.Http11NioProtocol] (180) log - Starting ProtocolHandler ["http-nio-8080"]
2021-08-31 16:32:00.316 INFO   [main] [o.a.tomcat.util.net.NioSelectorPool] (180) log - Using a shared selector for servlet write/read
2021-08-31 16:32:00.330 INFO   [main] [o.s.b.w.e.tomcat.TomcatWebServer] (206) start - Tomcat started on port(s): 8080 (http) with context path ''
2021-08-31 16:32:00.335 INFO   [main] [c.a.c.s.d.DashboardApplication] (59) logStarted - Started DashboardApplication in 4.822 seconds (JVM running for 5.762)
2021-08-31 16:32:00.339 INFO   [main] [c.a.n.c.config.impl.ClientWorker] (198) addCacheDataIfAbsent - [fixed-home.zzx1996.top_12345] [subscribe] null.properties+DEFAULT_GROUP
2021-08-31 16:32:00.340 INFO   [main] [c.a.n.client.config.impl.CacheData] (92) addListener - [fixed-home.zzx1996.top_12345] [add-listener] ok, tenant=, dataId=null.properties, group=DEFAULT_GROUP, cnt=1
2021-08-31 16:32:05.881 INFO   [http-nio-8080-exec-1] [o.a.c.c.C.[Tomcat].[localhost].[/]] (180) log - Initializing Spring FrameworkServlet 'dispatcherServlet'
2021-08-31 16:32:05.882 INFO   [http-nio-8080-exec-1] [o.s.web.servlet.DispatcherServlet] (494) initServletBean - FrameworkServlet 'dispatcherServlet': initialization started
2021-08-31 16:32:05.901 INFO   [http-nio-8080-exec-1] [o.s.web.servlet.DispatcherServlet] (509) initServletBean - FrameworkServlet 'dispatcherServlet': initialization completed in 19 ms
2021-08-31 16:32:09.788 INFO   [Thread-21] [o.s.b.w.s.c.AnnotationConfigServletWebServerApplicationContext] (993) doClose - Closing org.springframework.boot.web.servlet.context.AnnotationConfigServletWebServerApplicationContext@2aa27288: startup date [Tue Aug 31 16:31:57 CST 2021]; parent: org.springframework.context.annotation.AnnotationConfigApplicationContext@79351f41
2021-08-31 16:32:09.792 INFO   [Thread-21] [o.s.j.e.a.AnnotationMBeanExporter] (451) destroy - Unregistering JMX-exposed beans on shutdown
2021-08-31 16:32:09.794 INFO   [Thread-21] [o.s.j.e.a.AnnotationMBeanExporter] (185) unregisterBeans - Unregistering JMX-exposed beans
2021-08-31 17:08:09.941 INFO   [main] [o.s.c.a.AnnotationConfigApplicationContext] (590) prepareRefresh - Refreshing org.springframework.context.annotation.AnnotationConfigApplicationContext@7a1a3478: startup date [Tue Aug 31 17:08:09 CST 2021]; root of context hierarchy
2021-08-31 17:08:10.417 INFO   [main] [o.s.c.s.PostProcessorRegistrationDelegate$BeanPostProcessorChecker] (326) postProcessAfterInitialization - Bean 'configurationPropertiesRebinderAutoConfiguration' of type [org.springframework.cloud.autoconfigure.ConfigurationPropertiesRebinderAutoConfiguration$$EnhancerBySpringCGLIB$$ae23717d] is not eligible for getting processed by all BeanPostProcessors (for example: not eligible for auto-proxying)
2021-08-31 17:08:10.889 INFO   [main] [c.a.n.c.c.i.LocalConfigInfoProcessor] (195) <clinit> - LOCAL_SNAPSHOT_PATH:/Users/zzx/nacos/config
2021-08-31 17:08:10.948 INFO   [main] [c.a.nacos.client.config.impl.Limiter] (53) <clinit> - limitTime:5.0
2021-08-31 17:08:11.480 INFO   [main] [o.s.c.b.c.PropertySourceBootstrapConfiguration] (98) initialize - Located property source: CompositePropertySource {name='NACOS', propertySources=[NacosPropertySource {name='null.properties,DEFAULT_GROUP'}]}
2021-08-31 17:08:11.526 INFO   [main] [c.a.c.s.d.DashboardApplication] (680) logStartupProfileInfo - No active profile set, falling back to default profiles: default
2021-08-31 17:08:11.545 INFO   [main] [o.s.b.w.s.c.AnnotationConfigServletWebServerApplicationContext] (590) prepareRefresh - Refreshing org.springframework.boot.web.servlet.context.AnnotationConfigServletWebServerApplicationContext@2d140a7: startup date [Tue Aug 31 17:08:11 CST 2021]; parent: org.springframework.context.annotation.AnnotationConfigApplicationContext@7a1a3478
2021-08-31 17:08:12.286 INFO   [main] [o.s.cloud.context.scope.GenericScope] (294) setSerializationId - BeanFactory id=a98c632c-9b08-3700-9d56-602c6fe0e62f
2021-08-31 17:08:12.396 INFO   [main] [o.s.c.s.PostProcessorRegistrationDelegate$BeanPostProcessorChecker] (326) postProcessAfterInitialization - Bean 'org.springframework.cloud.autoconfigure.ConfigurationPropertiesRebinderAutoConfiguration' of type [org.springframework.cloud.autoconfigure.ConfigurationPropertiesRebinderAutoConfiguration$$EnhancerBySpringCGLIB$$ae23717d] is not eligible for getting processed by all BeanPostProcessors (for example: not eligible for auto-proxying)
2021-08-31 17:08:12.933 INFO   [main] [o.s.b.w.e.tomcat.TomcatWebServer] (91) initialize - Tomcat initialized with port(s): 8080 (http)
2021-08-31 17:08:12.954 INFO   [main] [o.a.coyote.http11.Http11NioProtocol] (180) log - Initializing ProtocolHandler ["http-nio-8080"]
2021-08-31 17:08:12.967 INFO   [main] [o.a.catalina.core.StandardService] (180) log - Starting service [Tomcat]
2021-08-31 17:08:12.968 INFO   [main] [o.a.catalina.core.StandardEngine] (180) log - Starting Servlet Engine: Apache Tomcat/8.5.34
2021-08-31 17:08:12.973 INFO   [localhost-startStop-1] [o.a.c.core.AprLifecycleListener] (180) log - The APR based Apache Tomcat Native library which allows optimal performance in production environments was not found on the java.library.path: [/Users/zzx/Library/Java/Extensions:/Library/Java/Extensions:/Network/Library/Java/Extensions:/System/Library/Java/Extensions:/usr/lib/java:.]
2021-08-31 17:08:13.073 INFO   [localhost-startStop-1] [o.a.c.c.C.[Tomcat].[localhost].[/]] (180) log - Initializing Spring embedded WebApplicationContext
2021-08-31 17:08:13.073 INFO   [localhost-startStop-1] [o.s.web.context.ContextLoader] (285) prepareWebApplicationContext - Root WebApplicationContext: initialization completed in 1528 ms
2021-08-31 17:08:13.141 INFO   [localhost-startStop-1] [c.a.c.s.dashboard.config.WebConfig] (86) sentinelFilterRegistration - Sentinel servlet CommonFilter registered
2021-08-31 17:08:13.233 INFO   [localhost-startStop-1] [o.s.b.w.s.FilterRegistrationBean] (245) configure - Mapping filter: 'characterEncodingFilter' to: [/*]
2021-08-31 17:08:13.234 INFO   [localhost-startStop-1] [o.s.b.w.s.FilterRegistrationBean] (245) configure - Mapping filter: 'hiddenHttpMethodFilter' to: [/*]
2021-08-31 17:08:13.234 INFO   [localhost-startStop-1] [o.s.b.w.s.FilterRegistrationBean] (245) configure - Mapping filter: 'httpPutFormContentFilter' to: [/*]
2021-08-31 17:08:13.234 INFO   [localhost-startStop-1] [o.s.b.w.s.FilterRegistrationBean] (245) configure - Mapping filter: 'requestContextFilter' to: [/*]
2021-08-31 17:08:13.234 INFO   [localhost-startStop-1] [o.s.b.w.s.FilterRegistrationBean] (258) configure - Mapping filter: 'authenticationFilter' to urls: [/*]
2021-08-31 17:08:13.234 INFO   [localhost-startStop-1] [o.s.b.w.s.FilterRegistrationBean] (258) configure - Mapping filter: 'sentinelFilter' to urls: [/*]
2021-08-31 17:08:13.234 INFO   [localhost-startStop-1] [o.s.b.w.s.ServletRegistrationBean] (187) addRegistration - Servlet dispatcherServlet mapped to [/]
2021-08-31 17:08:13.724 INFO   [main] [o.s.w.s.h.SimpleUrlHandlerMapping] (373) registerHandler - Mapped URL path [/**/favicon.ico] onto handler of type [class org.springframework.web.servlet.resource.ResourceHttpRequestHandler]
2021-08-31 17:08:13.965 INFO   [main] [o.s.w.s.m.m.a.RequestMappingHandlerAdapter] (588) initControllerAdviceCache - Looking for @ControllerAdvice: org.springframework.boot.web.servlet.context.AnnotationConfigServletWebServerApplicationContext@2d140a7: startup date [Tue Aug 31 17:08:11 CST 2021]; parent: org.springframework.context.annotation.AnnotationConfigApplicationContext@7a1a3478
2021-08-31 17:08:14.052 INFO   [main] [o.s.w.s.m.m.a.RequestMappingHandlerMapping] (549) register - Mapped "{[/app/briefinfos.json],methods=[GET]}" onto public com.alibaba.csp.sentinel.dashboard.domain.Result<java.util.List<com.alibaba.csp.sentinel.dashboard.discovery.AppInfo>> com.alibaba.csp.sentinel.dashboard.controller.AppController.queryAppInfos(javax.servlet.http.HttpServletRequest)
2021-08-31 17:08:14.054 INFO   [main] [o.s.w.s.m.m.a.RequestMappingHandlerMapping] (549) register - Mapped "{[/app/names.json],methods=[GET]}" onto public com.alibaba.csp.sentinel.dashboard.domain.Result<java.util.List<java.lang.String>> com.alibaba.csp.sentinel.dashboard.controller.AppController.queryApps(javax.servlet.http.HttpServletRequest)
2021-08-31 17:08:14.054 INFO   [main] [o.s.w.s.m.m.a.RequestMappingHandlerMapping] (549) register - Mapped "{[/app/{app}/machines.json],methods=[GET]}" onto public com.alibaba.csp.sentinel.dashboard.domain.Result<java.util.List<com.alibaba.csp.sentinel.dashboard.domain.vo.MachineInfoVo>> com.alibaba.csp.sentinel.dashboard.controller.AppController.getMachinesByApp(java.lang.String)
2021-08-31 17:08:14.054 INFO   [main] [o.s.w.s.m.m.a.RequestMappingHandlerMapping] (549) register - Mapped "{[/app/{app}/machine/remove.json]}" onto public com.alibaba.csp.sentinel.dashboard.domain.Result<java.lang.String> com.alibaba.csp.sentinel.dashboard.controller.AppController.removeMachineById(java.lang.String,java.lang.String,int)
2021-08-31 17:08:14.056 INFO   [main] [o.s.w.s.m.m.a.RequestMappingHandlerMapping] (549) register - Mapped "{[/auth/login],methods=[POST]}" onto public com.alibaba.csp.sentinel.dashboard.domain.Result<com.alibaba.csp.sentinel.dashboard.auth.AuthService$AuthUser> com.alibaba.csp.sentinel.dashboard.controller.AuthController.login(javax.servlet.http.HttpServletRequest,java.lang.String,java.lang.String)
2021-08-31 17:08:14.057 INFO   [main] [o.s.w.s.m.m.a.RequestMappingHandlerMapping] (549) register - Mapped "{[/auth/check],methods=[POST]}" onto public com.alibaba.csp.sentinel.dashboard.domain.Result<?> com.alibaba.csp.sentinel.dashboard.controller.AuthController.check(javax.servlet.http.HttpServletRequest)
2021-08-31 17:08:14.057 INFO   [main] [o.s.w.s.m.m.a.RequestMappingHandlerMapping] (549) register - Mapped "{[/auth/logout],methods=[POST]}" onto public com.alibaba.csp.sentinel.dashboard.domain.Result<?> com.alibaba.csp.sentinel.dashboard.controller.AuthController.logout(javax.servlet.http.HttpServletRequest)
2021-08-31 17:08:14.060 INFO   [main] [o.s.w.s.m.m.a.RequestMappingHandlerMapping] (549) register - Mapped "{[/authority/rules],methods=[GET]}" onto public com.alibaba.csp.sentinel.dashboard.domain.Result<java.util.List<com.alibaba.csp.sentinel.dashboard.datasource.entity.rule.AuthorityRuleEntity>> com.alibaba.csp.sentinel.dashboard.controller.AuthorityRuleController.apiQueryAllRulesForMachine(java.lang.String,java.lang.String,java.lang.Integer)
2021-08-31 17:08:14.061 INFO   [main] [o.s.w.s.m.m.a.RequestMappingHandlerMapping] (549) register - Mapped "{[/authority/rule],methods=[POST]}" onto public com.alibaba.csp.sentinel.dashboard.domain.Result<com.alibaba.csp.sentinel.dashboard.datasource.entity.rule.AuthorityRuleEntity> com.alibaba.csp.sentinel.dashboard.controller.AuthorityRuleController.apiAddAuthorityRule(com.alibaba.csp.sentinel.dashboard.datasource.entity.rule.AuthorityRuleEntity)
2021-08-31 17:08:14.061 INFO   [main] [o.s.w.s.m.m.a.RequestMappingHandlerMapping] (549) register - Mapped "{[/authority/rule/{id}],methods=[PUT]}" onto public com.alibaba.csp.sentinel.dashboard.domain.Result<com.alibaba.csp.sentinel.dashboard.datasource.entity.rule.AuthorityRuleEntity> com.alibaba.csp.sentinel.dashboard.controller.AuthorityRuleController.apiUpdateParamFlowRule(java.lang.Long,com.alibaba.csp.sentinel.dashboard.datasource.entity.rule.AuthorityRuleEntity)
2021-08-31 17:08:14.061 INFO   [main] [o.s.w.s.m.m.a.RequestMappingHandlerMapping] (549) register - Mapped "{[/authority/rule/{id}],methods=[DELETE]}" onto public com.alibaba.csp.sentinel.dashboard.domain.Result<java.lang.Long> com.alibaba.csp.sentinel.dashboard.controller.AuthorityRuleController.apiDeleteRule(java.lang.Long)
2021-08-31 17:08:14.064 INFO   [main] [o.s.w.s.m.m.a.RequestMappingHandlerMapping] (549) register - Mapped "{[/degrade/rule/{id}],methods=[DELETE]}" onto public com.alibaba.csp.sentinel.dashboard.domain.Result<java.lang.Long> com.alibaba.csp.sentinel.dashboard.controller.DegradeController.delete(java.lang.Long)
2021-08-31 17:08:14.064 INFO   [main] [o.s.w.s.m.m.a.RequestMappingHandlerMapping] (549) register - Mapped "{[/degrade/rules.json],methods=[GET]}" onto public com.alibaba.csp.sentinel.dashboard.domain.Result<java.util.List<com.alibaba.csp.sentinel.dashboard.datasource.entity.rule.DegradeRuleEntity>> com.alibaba.csp.sentinel.dashboard.controller.DegradeController.apiQueryMachineRules(java.lang.String,java.lang.String,java.lang.Integer)
2021-08-31 17:08:14.064 INFO   [main] [o.s.w.s.m.m.a.RequestMappingHandlerMapping] (549) register - Mapped "{[/degrade/rule],methods=[POST]}" onto public com.alibaba.csp.sentinel.dashboard.domain.Result<com.alibaba.csp.sentinel.dashboard.datasource.entity.rule.DegradeRuleEntity> com.alibaba.csp.sentinel.dashboard.controller.DegradeController.apiAddRule(com.alibaba.csp.sentinel.dashboard.datasource.entity.rule.DegradeRuleEntity)
2021-08-31 17:08:14.065 INFO   [main] [o.s.w.s.m.m.a.RequestMappingHandlerMapping] (549) register - Mapped "{[/degrade/rule/{id}],methods=[PUT]}" onto public com.alibaba.csp.sentinel.dashboard.domain.Result<com.alibaba.csp.sentinel.dashboard.datasource.entity.rule.DegradeRuleEntity> com.alibaba.csp.sentinel.dashboard.controller.DegradeController.apiUpdateRule(java.lang.Long,com.alibaba.csp.sentinel.dashboard.datasource.entity.rule.DegradeRuleEntity)
2021-08-31 17:08:14.066 INFO   [main] [o.s.w.s.m.m.a.RequestMappingHandlerMapping] (549) register - Mapped "{[/demo/link],produces=[application/json]}" onto public java.lang.String com.alibaba.csp.sentinel.dashboard.controller.DemoController.link() throws com.alibaba.csp.sentinel.slots.block.BlockException
2021-08-31 17:08:14.066 INFO   [main] [o.s.w.s.m.m.a.RequestMappingHandlerMapping] (549) register - Mapped "{[/demo/loop],produces=[application/json]}" onto public java.lang.String com.alibaba.csp.sentinel.dashboard.controller.DemoController.loop(java.lang.String,int) throws com.alibaba.csp.sentinel.slots.block.BlockException
2021-08-31 17:08:14.066 INFO   [main] [o.s.w.s.m.m.a.RequestMappingHandlerMapping] (549) register - Mapped "{[/demo/greeting],produces=[application/json]}" onto public java.lang.String com.alibaba.csp.sentinel.dashboard.controller.DemoController.greeting()
2021-08-31 17:08:14.067 INFO   [main] [o.s.w.s.m.m.a.RequestMappingHandlerMapping] (549) register - Mapped "{[/demo/slow],produces=[application/json]}" onto public java.lang.String com.alibaba.csp.sentinel.dashboard.controller.DemoController.slow(java.lang.String,int) throws com.alibaba.csp.sentinel.slots.block.BlockException
2021-08-31 17:08:14.068 INFO   [main] [o.s.w.s.m.m.a.RequestMappingHandlerMapping] (549) register - Mapped "{[/v1/flow/rules],methods=[GET]}" onto public com.alibaba.csp.sentinel.dashboard.domain.Result<java.util.List<com.alibaba.csp.sentinel.dashboard.datasource.entity.rule.FlowRuleEntity>> com.alibaba.csp.sentinel.dashboard.controller.FlowControllerV1.apiQueryMachineRules(java.lang.String,java.lang.String,java.lang.Integer)
2021-08-31 17:08:14.068 INFO   [main] [o.s.w.s.m.m.a.RequestMappingHandlerMapping] (549) register - Mapped "{[/v1/flow/rule],methods=[POST]}" onto public com.alibaba.csp.sentinel.dashboard.domain.Result<com.alibaba.csp.sentinel.dashboard.datasource.entity.rule.FlowRuleEntity> com.alibaba.csp.sentinel.dashboard.controller.FlowControllerV1.apiAddFlowRule(com.alibaba.csp.sentinel.dashboard.datasource.entity.rule.FlowRuleEntity)
2021-08-31 17:08:14.069 INFO   [main] [o.s.w.s.m.m.a.RequestMappingHandlerMapping] (549) register - Mapped "{[/v1/flow/save.json],methods=[PUT]}" onto public com.alibaba.csp.sentinel.dashboard.domain.Result<com.alibaba.csp.sentinel.dashboard.datasource.entity.rule.FlowRuleEntity> com.alibaba.csp.sentinel.dashboard.controller.FlowControllerV1.apiUpdateFlowRule(java.lang.Long,java.lang.String,java.lang.String,java.lang.String,java.lang.Integer,java.lang.Double,java.lang.Integer,java.lang.String,java.lang.Integer,java.lang.Integer,java.lang.Integer)
2021-08-31 17:08:14.069 INFO   [main] [o.s.w.s.m.m.a.RequestMappingHandlerMapping] (549) register - Mapped "{[/v1/flow/delete.json],methods=[DELETE]}" onto public com.alibaba.csp.sentinel.dashboard.domain.Result<java.lang.Long> com.alibaba.csp.sentinel.dashboard.controller.FlowControllerV1.apiDeleteFlowRule(java.lang.Long)
2021-08-31 17:08:14.069 INFO   [main] [o.s.w.s.m.m.a.RequestMappingHandlerMapping] (549) register - Mapped "{[/registry/machine],produces=[application/json]}" onto public com.alibaba.csp.sentinel.dashboard.domain.Result<?> com.alibaba.csp.sentinel.dashboard.controller.MachineRegistryController.receiveHeartBeat(java.lang.String,java.lang.Integer,java.lang.Long,java.lang.String,java.lang.String,java.lang.String,java.lang.Integer)
2021-08-31 17:08:14.070 INFO   [main] [o.s.w.s.m.m.a.RequestMappingHandlerMapping] (549) register - Mapped "{[/metric/queryTopResourceMetric.json],produces=[application/json]}" onto public com.alibaba.csp.sentinel.dashboard.domain.Result<?> com.alibaba.csp.sentinel.dashboard.controller.MetricController.queryTopResourceMetric(java.lang.String,java.lang.Integer,java.lang.Integer,java.lang.Boolean,java.lang.Long,java.lang.Long,java.lang.String)
2021-08-31 17:08:14.070 INFO   [main] [o.s.w.s.m.m.a.RequestMappingHandlerMapping] (549) register - Mapped "{[/metric/queryByAppAndResource.json],produces=[application/json]}" onto public com.alibaba.csp.sentinel.dashboard.domain.Result<?> com.alibaba.csp.sentinel.dashboard.controller.MetricController.queryByAppAndResource(java.lang.String,java.lang.String,java.lang.Long,java.lang.Long)
2021-08-31 17:08:14.071 INFO   [main] [o.s.w.s.m.m.a.RequestMappingHandlerMapping] (549) register - Mapped "{[/paramFlow/rule],methods=[POST]}" onto public com.alibaba.csp.sentinel.dashboard.domain.Result<com.alibaba.csp.sentinel.dashboard.datasource.entity.rule.ParamFlowRuleEntity> com.alibaba.csp.sentinel.dashboard.controller.ParamFlowRuleController.apiAddParamFlowRule(com.alibaba.csp.sentinel.dashboard.datasource.entity.rule.ParamFlowRuleEntity)
2021-08-31 17:08:14.072 INFO   [main] [o.s.w.s.m.m.a.RequestMappingHandlerMapping] (549) register - Mapped "{[/paramFlow/rules],methods=[GET]}" onto public com.alibaba.csp.sentinel.dashboard.domain.Result<java.util.List<com.alibaba.csp.sentinel.dashboard.datasource.entity.rule.ParamFlowRuleEntity>> com.alibaba.csp.sentinel.dashboard.controller.ParamFlowRuleController.apiQueryAllRulesForMachine(java.lang.String,java.lang.String,java.lang.Integer)
2021-08-31 17:08:14.072 INFO   [main] [o.s.w.s.m.m.a.RequestMappingHandlerMapping] (549) register - Mapped "{[/paramFlow/rule/{id}],methods=[PUT]}" onto public com.alibaba.csp.sentinel.dashboard.domain.Result<com.alibaba.csp.sentinel.dashboard.datasource.entity.rule.ParamFlowRuleEntity> com.alibaba.csp.sentinel.dashboard.controller.ParamFlowRuleController.apiUpdateParamFlowRule(java.lang.Long,com.alibaba.csp.sentinel.dashboard.datasource.entity.rule.ParamFlowRuleEntity)
2021-08-31 17:08:14.072 INFO   [main] [o.s.w.s.m.m.a.RequestMappingHandlerMapping] (549) register - Mapped "{[/paramFlow/rule/{id}],methods=[DELETE]}" onto public com.alibaba.csp.sentinel.dashboard.domain.Result<java.lang.Long> com.alibaba.csp.sentinel.dashboard.controller.ParamFlowRuleController.apiDeleteRule(java.lang.Long)
2021-08-31 17:08:14.073 INFO   [main] [o.s.w.s.m.m.a.RequestMappingHandlerMapping] (549) register - Mapped "{[/resource/machineResource.json],methods=[GET]}" onto public com.alibaba.csp.sentinel.dashboard.domain.Result<java.util.List<com.alibaba.csp.sentinel.dashboard.domain.vo.ResourceVo>> com.alibaba.csp.sentinel.dashboard.controller.ResourceController.fetchResourceChainListOfMachine(java.lang.String,java.lang.Integer,java.lang.String,java.lang.String)
2021-08-31 17:08:14.074 INFO   [main] [o.s.w.s.m.m.a.RequestMappingHandlerMapping] (549) register - Mapped "{[/system/delete.json]}" onto public com.alibaba.csp.sentinel.dashboard.domain.Result<?> com.alibaba.csp.sentinel.dashboard.controller.SystemController.delete(java.lang.Long)
2021-08-31 17:08:14.074 INFO   [main] [o.s.w.s.m.m.a.RequestMappingHandlerMapping] (549) register - Mapped "{[/system/new.json]}" onto public com.alibaba.csp.sentinel.dashboard.domain.Result<com.alibaba.csp.sentinel.dashboard.datasource.entity.rule.SystemRuleEntity> com.alibaba.csp.sentinel.dashboard.controller.SystemController.apiAdd(java.lang.String,java.lang.String,java.lang.Integer,java.lang.Double,java.lang.Double,java.lang.Long,java.lang.Long,java.lang.Double)
2021-08-31 17:08:14.075 INFO   [main] [o.s.w.s.m.m.a.RequestMappingHandlerMapping] (549) register - Mapped "{[/system/save.json],methods=[GET]}" onto public com.alibaba.csp.sentinel.dashboard.domain.Result<com.alibaba.csp.sentinel.dashboard.datasource.entity.rule.SystemRuleEntity> com.alibaba.csp.sentinel.dashboard.controller.SystemController.apiUpdateIfNotNull(java.lang.Long,java.lang.String,java.lang.Double,java.lang.Double,java.lang.Long,java.lang.Long,java.lang.Double)
2021-08-31 17:08:14.075 INFO   [main] [o.s.w.s.m.m.a.RequestMappingHandlerMapping] (549) register - Mapped "{[/system/rules.json],methods=[GET]}" onto public com.alibaba.csp.sentinel.dashboard.domain.Result<java.util.List<com.alibaba.csp.sentinel.dashboard.datasource.entity.rule.SystemRuleEntity>> com.alibaba.csp.sentinel.dashboard.controller.SystemController.apiQueryMachineRules(java.lang.String,java.lang.String,java.lang.Integer)
2021-08-31 17:08:14.075 INFO   [main] [o.s.w.s.m.m.a.RequestMappingHandlerMapping] (549) register - Mapped "{[/version],methods=[GET]}" onto public com.alibaba.csp.sentinel.dashboard.domain.Result<java.lang.String> com.alibaba.csp.sentinel.dashboard.controller.VersionController.apiGetVersion()
2021-08-31 17:08:14.076 INFO   [main] [o.s.w.s.m.m.a.RequestMappingHandlerMapping] (549) register - Mapped "{[/cluster/assign/all_server/{app}],methods=[POST]}" onto public com.alibaba.csp.sentinel.dashboard.domain.Result<com.alibaba.csp.sentinel.dashboard.domain.cluster.ClusterAppAssignResultVO> com.alibaba.csp.sentinel.dashboard.controller.cluster.ClusterAssignController.apiAssignAllClusterServersOfApp(java.lang.String,com.alibaba.csp.sentinel.dashboard.domain.cluster.ClusterAppFullAssignRequest)
2021-08-31 17:08:14.076 INFO   [main] [o.s.w.s.m.m.a.RequestMappingHandlerMapping] (549) register - Mapped "{[/cluster/assign/single_server/{app}],methods=[POST]}" onto public com.alibaba.csp.sentinel.dashboard.domain.Result<com.alibaba.csp.sentinel.dashboard.domain.cluster.ClusterAppAssignResultVO> com.alibaba.csp.sentinel.dashboard.controller.cluster.ClusterAssignController.apiAssignSingleClusterServersOfApp(java.lang.String,com.alibaba.csp.sentinel.dashboard.domain.cluster.ClusterAppSingleServerAssignRequest)
2021-08-31 17:08:14.077 INFO   [main] [o.s.w.s.m.m.a.RequestMappingHandlerMapping] (549) register - Mapped "{[/cluster/assign/unbind_server/{app}],methods=[POST]}" onto public com.alibaba.csp.sentinel.dashboard.domain.Result<com.alibaba.csp.sentinel.dashboard.domain.cluster.ClusterAppAssignResultVO> com.alibaba.csp.sentinel.dashboard.controller.cluster.ClusterAssignController.apiUnbindClusterServersOfApp(java.lang.String,java.util.Set<java.lang.String>)
2021-08-31 17:08:14.078 INFO   [main] [o.s.w.s.m.m.a.RequestMappingHandlerMapping] (549) register - Mapped "{[/cluster/config/modify_single],methods=[POST]}" onto public com.alibaba.csp.sentinel.dashboard.domain.Result<java.lang.Boolean> com.alibaba.csp.sentinel.dashboard.controller.cluster.ClusterConfigController.apiModifyClusterConfig(java.lang.String)
2021-08-31 17:08:14.078 INFO   [main] [o.s.w.s.m.m.a.RequestMappingHandlerMapping] (549) register - Mapped "{[/cluster/state_single],methods=[GET]}" onto public com.alibaba.csp.sentinel.dashboard.domain.Result<com.alibaba.csp.sentinel.dashboard.domain.cluster.state.ClusterUniversalStateVO> com.alibaba.csp.sentinel.dashboard.controller.cluster.ClusterConfigController.apiGetClusterState(java.lang.String,java.lang.String,java.lang.Integer)
2021-08-31 17:08:14.078 INFO   [main] [o.s.w.s.m.m.a.RequestMappingHandlerMapping] (549) register - Mapped "{[/cluster/server_state/{app}],methods=[GET]}" onto public com.alibaba.csp.sentinel.dashboard.domain.Result<java.util.List<com.alibaba.csp.sentinel.dashboard.domain.cluster.state.AppClusterServerStateWrapVO>> com.alibaba.csp.sentinel.dashboard.controller.cluster.ClusterConfigController.apiGetClusterServerStateOfApp(java.lang.String)
2021-08-31 17:08:14.079 INFO   [main] [o.s.w.s.m.m.a.RequestMappingHandlerMapping] (549) register - Mapped "{[/cluster/client_state/{app}],methods=[GET]}" onto public com.alibaba.csp.sentinel.dashboard.domain.Result<java.util.List<com.alibaba.csp.sentinel.dashboard.domain.cluster.state.AppClusterClientStateWrapVO>> com.alibaba.csp.sentinel.dashboard.controller.cluster.ClusterConfigController.apiGetClusterClientStateOfApp(java.lang.String)
2021-08-31 17:08:14.079 INFO   [main] [o.s.w.s.m.m.a.RequestMappingHandlerMapping] (549) register - Mapped "{[/cluster/state/{app}],methods=[GET]}" onto public com.alibaba.csp.sentinel.dashboard.domain.Result<java.util.List<com.alibaba.csp.sentinel.dashboard.domain.cluster.state.ClusterUniversalStatePairVO>> com.alibaba.csp.sentinel.dashboard.controller.cluster.ClusterConfigController.apiGetClusterStateOfApp(java.lang.String)
2021-08-31 17:08:14.082 INFO   [main] [o.s.w.s.m.m.a.RequestMappingHandlerMapping] (549) register - Mapped "{[/gateway/api/list.json],methods=[GET]}" onto public com.alibaba.csp.sentinel.dashboard.domain.Result<java.util.List<com.alibaba.csp.sentinel.dashboard.datasource.entity.gateway.ApiDefinitionEntity>> com.alibaba.csp.sentinel.dashboard.controller.gateway.GatewayApiController.queryApis(java.lang.String,java.lang.String,java.lang.Integer)
2021-08-31 17:08:14.082 INFO   [main] [o.s.w.s.m.m.a.RequestMappingHandlerMapping] (549) register - Mapped "{[/gateway/api/new.json],methods=[POST]}" onto public com.alibaba.csp.sentinel.dashboard.domain.Result<com.alibaba.csp.sentinel.dashboard.datasource.entity.gateway.ApiDefinitionEntity> com.alibaba.csp.sentinel.dashboard.controller.gateway.GatewayApiController.addApi(javax.servlet.http.HttpServletRequest,com.alibaba.csp.sentinel.dashboard.domain.vo.gateway.api.AddApiReqVo)
2021-08-31 17:08:14.083 INFO   [main] [o.s.w.s.m.m.a.RequestMappingHandlerMapping] (549) register - Mapped "{[/gateway/api/save.json],methods=[POST]}" onto public com.alibaba.csp.sentinel.dashboard.domain.Result<com.alibaba.csp.sentinel.dashboard.datasource.entity.gateway.ApiDefinitionEntity> com.alibaba.csp.sentinel.dashboard.controller.gateway.GatewayApiController.updateApi(com.alibaba.csp.sentinel.dashboard.domain.vo.gateway.api.UpdateApiReqVo)
2021-08-31 17:08:14.083 INFO   [main] [o.s.w.s.m.m.a.RequestMappingHandlerMapping] (549) register - Mapped "{[/gateway/api/delete.json],methods=[POST]}" onto public com.alibaba.csp.sentinel.dashboard.domain.Result<java.lang.Long> com.alibaba.csp.sentinel.dashboard.controller.gateway.GatewayApiController.deleteApi(java.lang.Long)
2021-08-31 17:08:14.086 INFO   [main] [o.s.w.s.m.m.a.RequestMappingHandlerMapping] (549) register - Mapped "{[/gateway/flow/list.json],methods=[GET]}" onto public com.alibaba.csp.sentinel.dashboard.domain.Result<java.util.List<com.alibaba.csp.sentinel.dashboard.datasource.entity.gateway.GatewayFlowRuleEntity>> com.alibaba.csp.sentinel.dashboard.controller.gateway.GatewayFlowRuleController.queryFlowRules(java.lang.String,java.lang.String,java.lang.Integer)
2021-08-31 17:08:14.086 INFO   [main] [o.s.w.s.m.m.a.RequestMappingHandlerMapping] (549) register - Mapped "{[/gateway/flow/new.json],methods=[POST]}" onto public com.alibaba.csp.sentinel.dashboard.domain.Result<com.alibaba.csp.sentinel.dashboard.datasource.entity.gateway.GatewayFlowRuleEntity> com.alibaba.csp.sentinel.dashboard.controller.gateway.GatewayFlowRuleController.addFlowRule(com.alibaba.csp.sentinel.dashboard.domain.vo.gateway.rule.AddFlowRuleReqVo)
2021-08-31 17:08:14.086 INFO   [main] [o.s.w.s.m.m.a.RequestMappingHandlerMapping] (549) register - Mapped "{[/gateway/flow/save.json],methods=[POST]}" onto public com.alibaba.csp.sentinel.dashboard.domain.Result<com.alibaba.csp.sentinel.dashboard.datasource.entity.gateway.GatewayFlowRuleEntity> com.alibaba.csp.sentinel.dashboard.controller.gateway.GatewayFlowRuleController.updateFlowRule(com.alibaba.csp.sentinel.dashboard.domain.vo.gateway.rule.UpdateFlowRuleReqVo)
2021-08-31 17:08:14.087 INFO   [main] [o.s.w.s.m.m.a.RequestMappingHandlerMapping] (549) register - Mapped "{[/gateway/flow/delete.json],methods=[POST]}" onto public com.alibaba.csp.sentinel.dashboard.domain.Result<java.lang.Long> com.alibaba.csp.sentinel.dashboard.controller.gateway.GatewayFlowRuleController.deleteFlowRule(java.lang.Long)
2021-08-31 17:08:14.088 INFO   [main] [o.s.w.s.m.m.a.RequestMappingHandlerMapping] (549) register - Mapped "{[/v2/flow/rules],methods=[GET]}" onto public com.alibaba.csp.sentinel.dashboard.domain.Result<java.util.List<com.alibaba.csp.sentinel.dashboard.datasource.entity.rule.FlowRuleEntity>> com.alibaba.csp.sentinel.dashboard.controller.v2.FlowControllerV2.apiQueryMachineRules(java.lang.String)
2021-08-31 17:08:14.088 INFO   [main] [o.s.w.s.m.m.a.RequestMappingHandlerMapping] (549) register - Mapped "{[/v2/flow/rule/{id}],methods=[DELETE]}" onto public com.alibaba.csp.sentinel.dashboard.domain.Result<java.lang.Long> com.alibaba.csp.sentinel.dashboard.controller.v2.FlowControllerV2.apiDeleteRule(java.lang.Long)
2021-08-31 17:08:14.088 INFO   [main] [o.s.w.s.m.m.a.RequestMappingHandlerMapping] (549) register - Mapped "{[/v2/flow/rule],methods=[POST]}" onto public com.alibaba.csp.sentinel.dashboard.domain.Result<com.alibaba.csp.sentinel.dashboard.datasource.entity.rule.FlowRuleEntity> com.alibaba.csp.sentinel.dashboard.controller.v2.FlowControllerV2.apiAddFlowRule(com.alibaba.csp.sentinel.dashboard.datasource.entity.rule.FlowRuleEntity)
2021-08-31 17:08:14.089 INFO   [main] [o.s.w.s.m.m.a.RequestMappingHandlerMapping] (549) register - Mapped "{[/v2/flow/rule/{id}],methods=[PUT]}" onto public com.alibaba.csp.sentinel.dashboard.domain.Result<com.alibaba.csp.sentinel.dashboard.datasource.entity.rule.FlowRuleEntity> com.alibaba.csp.sentinel.dashboard.controller.v2.FlowControllerV2.apiUpdateFlowRule(java.lang.Long,com.alibaba.csp.sentinel.dashboard.datasource.entity.rule.FlowRuleEntity)
2021-08-31 17:08:14.090 INFO   [main] [o.s.w.s.m.m.a.RequestMappingHandlerMapping] (549) register - Mapped "{[/error]}" onto public org.springframework.http.ResponseEntity<java.util.Map<java.lang.String, java.lang.Object>> org.springframework.boot.autoconfigure.web.servlet.error.BasicErrorController.error(javax.servlet.http.HttpServletRequest)
2021-08-31 17:08:14.091 INFO   [main] [o.s.w.s.m.m.a.RequestMappingHandlerMapping] (549) register - Mapped "{[/error],produces=[text/html]}" onto public org.springframework.web.servlet.ModelAndView org.springframework.boot.autoconfigure.web.servlet.error.BasicErrorController.errorHtml(javax.servlet.http.HttpServletRequest,javax.servlet.http.HttpServletResponse)
2021-08-31 17:08:14.099 INFO   [main] [o.s.w.s.h.SimpleUrlHandlerMapping] (360) registerHandler - Root mapping to handler of type [class org.springframework.web.servlet.mvc.ParameterizableViewController]
2021-08-31 17:08:14.111 INFO   [main] [o.s.w.s.h.SimpleUrlHandlerMapping] (373) registerHandler - Mapped URL path [/webjars/**] onto handler of type [class org.springframework.web.servlet.resource.ResourceHttpRequestHandler]
2021-08-31 17:08:14.112 INFO   [main] [o.s.w.s.h.SimpleUrlHandlerMapping] (373) registerHandler - Mapped URL path [/**] onto handler of type [class org.springframework.web.servlet.resource.ResourceHttpRequestHandler]
2021-08-31 17:08:14.413 INFO   [main] [o.s.j.e.a.AnnotationMBeanExporter] (433) afterSingletonsInstantiated - Registering beans for JMX exposure on startup
2021-08-31 17:08:14.423 INFO   [main] [o.s.j.e.a.AnnotationMBeanExporter] (895) autodetect - Bean with name 'refreshScope' has been autodetected for JMX exposure
2021-08-31 17:08:14.424 INFO   [main] [o.s.j.e.a.AnnotationMBeanExporter] (895) autodetect - Bean with name 'configurationPropertiesRebinder' has been autodetected for JMX exposure
2021-08-31 17:08:14.425 INFO   [main] [o.s.j.e.a.AnnotationMBeanExporter] (895) autodetect - Bean with name 'environmentManager' has been autodetected for JMX exposure
2021-08-31 17:08:14.427 INFO   [main] [o.s.j.e.a.AnnotationMBeanExporter] (675) registerBeanInstance - Located managed bean 'environmentManager': registering with JMX server as MBean [org.springframework.cloud.context.environment:name=environmentManager,type=EnvironmentManager]
2021-08-31 17:08:14.439 INFO   [main] [o.s.j.e.a.AnnotationMBeanExporter] (675) registerBeanInstance - Located managed bean 'refreshScope': registering with JMX server as MBean [org.springframework.cloud.context.scope.refresh:name=refreshScope,type=RefreshScope]
2021-08-31 17:08:14.449 INFO   [main] [o.s.j.e.a.AnnotationMBeanExporter] (675) registerBeanInstance - Located managed bean 'configurationPropertiesRebinder': registering with JMX server as MBean [org.springframework.cloud.context.properties:name=configurationPropertiesRebinder,context=2d140a7,type=ConfigurationPropertiesRebinder]
2021-08-31 17:08:14.467 INFO   [main] [o.a.coyote.http11.Http11NioProtocol] (180) log - Starting ProtocolHandler ["http-nio-8080"]
2021-08-31 17:08:14.481 INFO   [main] [o.a.tomcat.util.net.NioSelectorPool] (180) log - Using a shared selector for servlet write/read
2021-08-31 17:08:14.497 INFO   [main] [o.s.b.w.e.tomcat.TomcatWebServer] (206) start - Tomcat started on port(s): 8080 (http) with context path ''
2021-08-31 17:08:14.501 INFO   [main] [c.a.c.s.d.DashboardApplication] (59) logStarted - Started DashboardApplication in 5.285 seconds (JVM running for 6.429)
2021-08-31 17:08:14.504 INFO   [main] [c.a.n.c.config.impl.ClientWorker] (198) addCacheDataIfAbsent - [fixed-home.zzx1996.top_12345] [subscribe] null.properties+DEFAULT_GROUP
2021-08-31 17:08:14.506 INFO   [main] [c.a.n.client.config.impl.CacheData] (92) addListener - [fixed-home.zzx1996.top_12345] [add-listener] ok, tenant=, dataId=null.properties, group=DEFAULT_GROUP, cnt=1
2021-08-31 17:08:17.058 INFO   [Thread-22] [o.s.b.w.s.c.AnnotationConfigServletWebServerApplicationContext] (993) doClose - Closing org.springframework.boot.web.servlet.context.AnnotationConfigServletWebServerApplicationContext@2d140a7: startup date [Tue Aug 31 17:08:11 CST 2021]; parent: org.springframework.context.annotation.AnnotationConfigApplicationContext@7a1a3478
2021-08-31 17:08:17.061 INFO   [Thread-22] [o.s.j.e.a.AnnotationMBeanExporter] (451) destroy - Unregistering JMX-exposed beans on shutdown
2021-08-31 17:08:17.063 INFO   [Thread-22] [o.s.j.e.a.AnnotationMBeanExporter] (185) unregisterBeans - Unregistering JMX-exposed beans
